Step: build-step-credential-initializer:

{"level":"warn","ts":1548889369.2123253,"logger":"fallback-logger","caller":"logging/config.go:65","msg":"Fetch GitHub commit ID from kodata failed: \"ref: refs/heads/test\" is not a valid GitHub commit ID"}
{"level":"info","ts":1548889369.2138207,"logger":"fallback-logger","caller":"creds-init/main.go:40","msg":"Credentials initialized."}
Step: build-step-git-source-0:

{"level":"warn","ts":1548889370.0331106,"logger":"fallback-logger","caller":"logging/config.go:65","msg":"Fetch GitHub commit ID from kodata failed: \"ref: refs/heads/test\" is not a valid GitHub commit ID"}
{"level":"info","ts":1548889371.1164045,"logger":"fallback-logger","caller":"git-init/main.go:92","msg":"Successfully cloned \"https://github.com/joostvdg/cmg.git\" @ \"081521c9a073c6ed0b885b89ac7aedf266646124\" in path \"/workspace\""}
Step: build-step-jenkins:

Picked up _JAVA_OPTIONS: -Xmx400m
Started
Running in Durability level: PERFORMANCE_OPTIMIZED
  17.752 [id=31]	WARNING	i.f.k.c.i.VersionUsageUtils#alert: The client is using resource type 'customresourcedefinitions' with unstable version 'v1beta1'
[Pipeline] node
Running on Jenkins in /tmp/jenkinsTests.tmp/jenkins1808212217970213091test/workspace/job
[Pipeline] {
[Pipeline] stage
[Pipeline] { (Declarative: Checkout SCM)
[Pipeline] checkout
[Pipeline] }
[Pipeline] // stage
[Pipeline] withCredentials
[Pipeline] {
[Pipeline] withEnv
[Pipeline] {
[Pipeline] stage
[Pipeline] { (CI Build and push snapshot)
Stage "CI Build and push snapshot" skipped due to when conditional
[Pipeline] }
[Pipeline] // stage
[Pipeline] stage
[Pipeline] { (Build Release)
[Pipeline] dir
Running in /home/jenkins/go/src/github.com/joostvdg/cmg
[Pipeline] {
[Pipeline] git
Cloning the remote Git repository
Cloning repository https://github.com/joostvdg/cmg.git
 > git init /home/jenkins/go/src/github.com/joostvdg/cmg # timeout=10
Fetching upstream changes from https://github.com/joostvdg/cmg.git
 > git --version # timeout=10
 > git fetch --tags --progress https://github.com/joostvdg/cmg.git +refs/heads/*:refs/remotes/origin/*
 > git config remote.origin.url https://github.com/joostvdg/cmg.git # timeout=10
 > git config --add remote.origin.fetch +refs/heads/*:refs/remotes/origin/* # timeout=10
 > git config remote.origin.url https://github.com/joostvdg/cmg.git # timeout=10
Fetching upstream changes from https://github.com/joostvdg/cmg.git
 > git fetch --tags --progress https://github.com/joostvdg/cmg.git +refs/heads/*:refs/remotes/origin/*
 > git rev-parse refs/remotes/origin/master^{commit} # timeout=10
 > git rev-parse refs/remotes/origin/origin/master^{commit} # timeout=10
Checking out Revision 081521c9a073c6ed0b885b89ac7aedf266646124 (refs/remotes/origin/master)
 > git config core.sparsecheckout # timeout=10
 > git checkout -f 081521c9a073c6ed0b885b89ac7aedf266646124
 > git branch -a -v --no-abbrev # timeout=10
 > git checkout -b master 081521c9a073c6ed0b885b89ac7aedf266646124
Commit message: "More exclamation marks"
First time build. Skipping changelog.
[Pipeline] sh
+ jx-release-version
+ echo 0.0.2
[Pipeline] sh
+ cat VERSION
+ jx step tag --version 0.0.2
Tag v0.0.2 created and pushed to remote origin
[Pipeline] sh
+ make build
CGO_ENABLED=0 GO15VENDOREXPERIMENT=1 go build -ldflags '' -o bin/cmg main.go
[Pipeline] sh
+ cat VERSION
+ export VERSION=0.0.2
+ skaffold build -f skaffold.yaml
time="2019-01-30T23:03:35Z" level=warning msg="config version (skaffold/v1beta2) out of date: upgrading to latest (skaffold/v1beta3)"
Starting build...
Building [changeme]...
Sending build context to Docker daemon  525.8kBSending build context to Docker daemon  6.502MB
Step 1/4 : FROM scratch
 ---> 
Step 2/4 : EXPOSE 8080
 ---> Using cache
 ---> 360b751a828e
Step 3/4 : ENTRYPOINT /cmg
 ---> Using cache
 ---> f658b9432db1
Step 4/4 : COPY ./bin/ /
 ---> 94730ee7d537
Successfully built 94730ee7d537
The push refers to a repository [10.55.252.137:5000/joostvdg/cmg]
3c4c220f1c4b: Preparing
3c4c220f1c4b: Pushed
0.0.2: digest: sha256:ec880648832b3915f500896d577540fe39c96b09fb346f8939efea920b8e2ea6 size: 528
Build complete in 1.298035878s
Starting test...
Test complete in 4.424µs
changeme -> 10.55.252.137:5000/joostvdg/cmg:0.0.2
[Pipeline] sh
+ cat VERSION
+ jx step post build --image 10.55.252.137:5000/joostvdg/cmg:0.0.2
[Pipeline] }
[Pipeline] // dir
[Pipeline] }
[Pipeline] // stage
[Pipeline] stage
[Pipeline] { (Promote to Environments)
[Pipeline] dir
Running in /home/jenkins/go/src/github.com/joostvdg/cmg/charts/cmg
[Pipeline] {
[Pipeline] sh
+ cat ../../VERSION
+ jx step changelog --version v0.0.2
Using batch mode as inside a pipeline
Generating change log from git ref 081521c9a073c6ed0b885b89ac7aedf266646124 => 0db697b56f7b7615a9583fd2a2a007734560d195
Failed to enrich commits with issues: User.jenkins.io "" is invalid: metadata.name: Required value: name or generateName is required
Failed to enrich commits with issues: User.jenkins.io "" is invalid: metadata.name: Required value: name or generateName is required
Finding issues in commit messages using git format
No release found for joostvdg/cmg and tag v0.0.2 so creating a new release
Updated the release information at https://github.com/joostvdg/cmg/releases/tag/v0.0.2
generated: /home/jenkins/go/src/github.com/joostvdg/cmg/charts/cmg/templates/release.yaml
Created Release cmg-0-0-2 resource in namespace jx
Updating PipelineActivity joostvdg-cmg-master-2 with version 0.0.2
Updated PipelineActivities joostvdg-cmg-master-2 with release notes URL: https://github.com/joostvdg/cmg/releases/tag/v0.0.2
[Pipeline] sh
+ jx step helm release
No $CHART_REPOSITORY defined so using the default value of: http://jenkins-x-chartmuseum:8080
Adding missing Helm repo: jenkins-x http://chartmuseum.jenkins-x.io
Successfully added Helm repository jenkins-x.
Adding missing Helm repo: releases http://jenkins-x-chartmuseum:8080
Successfully added Helm repository releases.
No $CHART_REPOSITORY defined so using the default value of: http://jenkins-x-chartmuseum:8080
Uploading chart file cmg-0.0.2.tgz to http://jenkins-x-chartmuseum:8080/api/charts
Received 201 response: {"saved":true}
[Pipeline] sh
+ cat ../../VERSION
+ jx promote -b --all-auto --timeout 1h --version 0.0.2
prow based install so skip waiting for the merge of Pull Requests to go green as currently there is an issue with gettingstatuses from the PR, see https://github.com/jenkins-x/jx/issues/2410
Promoting app cmg version 0.0.2 to namespace jx-staging
Created Pull Request: https://github.com/joostvdg/environment-jx-joostvdg-staging/pull/2

Failed to query the Pull Request last commit status for https://github.com/joostvdg/environment-jx-joostvdg-staging/pull/2 ref cd1740e513e44189de54636f3dd90895be33da5f Could not find a status for repository joostvdg/environment-jx-joostvdg-staging with ref cd1740e513e44189de54636f3dd90895be33da5f
Pull Request https://github.com/joostvdg/environment-jx-joostvdg-staging/pull/2 is merged at sha 9079fa8f9fb89dc21419e74241deffab0e464674
Pull Request merged but we are not waiting for the update pipeline to complete!
Could not find the service URL in namespace jx-staging for names cmg, jx-cmg, jx-staging-cmg
[Pipeline] }
[Pipeline] // dir
[Pipeline] }
[Pipeline] // stage
[Pipeline] }
[Pipeline] // withEnv
[Pipeline] }
[Pipeline] // withCredentials
[Pipeline] }
[Pipeline] // node
[Pipeline] End of Pipeline
Finished: SUCCESS
